This is pdfTeX, Version 3.141592653-2.6-1.40.24 (MiKTeX 22.7) (preloaded format=pdflatex 2022.9.9)  11 JAN 2023 10:44
entering extended mode
 restricted \write18 enabled.
 %&-line parsing enabled.
**./sample.tex
(sample.tex
LaTeX2e <2022-06-01> patch level 5
L3 programming layer <2022-07-04> (D:\sannan\Miktex\tex/latex/base\article.cls
Document Class: article 2021/10/04 v1.4n Standard LaTeX document class
(D:\sannan\Miktex\tex/latex/base\size12.clo
File: size12.clo 2021/10/04 v1.4n Standard LaTeX file (size option)
)
\c@part=\count185
\c@section=\count186
\c@subsection=\count187
\c@subsubsection=\count188
\c@paragraph=\count189
\c@subparagraph=\count190
\c@figure=\count191
\c@table=\count192
\abovecaptionskip=\skip47
\belowcaptionskip=\skip48
\bibindent=\dimen138
)
(D:\sannan\Miktex\tex/latex/graphics\graphicx.sty
Package: graphicx 2021/09/16 v1.2d Enhanced LaTeX Graphics (DPC,SPQR)

(D:\sannan\Miktex\tex/latex/graphics\keyval.sty
Package: keyval 2022/05/29 v1.15 key=value parser (DPC)
\KV@toks@=\toks16
)
(D:\sannan\Miktex\tex/latex/graphics\graphics.sty
Package: graphics 2022/03/10 v1.4e Standard LaTeX Graphics (DPC,SPQR)

(D:\sannan\Miktex\tex/latex/graphics\trig.sty
Package: trig 2021/08/11 v1.11 sin cos tan (DPC)
)
(D:\sannan\Miktex\tex/latex/graphics-cfg\graphics.cfg
File: graphics.cfg 2016/06/04 v1.11 sample graphics configuration
)
Package graphics Info: Driver file: pdftex.def on input line 107.

(D:\sannan\Miktex\tex/latex/graphics-def\pdftex.def
File: pdftex.def 2020/10/05 v1.2a Graphics/color driver for pdftex
))
\Gin@req@height=\dimen139
\Gin@req@width=\dimen140
)
(D:\sannan\Miktex\tex/latex/hyperref\hyperref.sty
Package: hyperref 2022-06-20 v7.00s Hypertext links for LaTeX

(D:\sannan\Miktex\tex/generic/ltxcmds\ltxcmds.sty
Package: ltxcmds 2020-05-10 v1.25 LaTeX kernel commands for general use (HO)
)
(D:\sannan\Miktex\tex/generic/iftex\iftex.sty
Package: iftex 2022/02/03 v1.0f TeX engine tests
)
(D:\sannan\Miktex\tex/generic/pdftexcmds\pdftexcmds.sty
Package: pdftexcmds 2020-06-27 v0.33 Utility functions of pdfTeX for LuaTeX (HO
)

(D:\sannan\Miktex\tex/generic/infwarerr\infwarerr.sty
Package: infwarerr 2019/12/03 v1.5 Providing info/warning/error messages (HO)
)
Package pdftexcmds Info: \pdf@primitive is available.
Package pdftexcmds Info: \pdf@ifprimitive is available.
Package pdftexcmds Info: \pdfdraftmode found.
)
(D:\sannan\Miktex\tex/latex/kvsetkeys\kvsetkeys.sty
Package: kvsetkeys 2022-10-05 v1.19 Key value parser (HO)
)
(D:\sannan\Miktex\tex/generic/kvdefinekeys\kvdefinekeys.sty
Package: kvdefinekeys 2019-12-19 v1.6 Define keys (HO)
)
(D:\sannan\Miktex\tex/generic/pdfescape\pdfescape.sty
Package: pdfescape 2019/12/09 v1.15 Implements pdfTeX's escape features (HO)
)
(D:\sannan\Miktex\tex/latex/hycolor\hycolor.sty
Package: hycolor 2020-01-27 v1.10 Color options for hyperref/bookmark (HO)
)
(D:\sannan\Miktex\tex/latex/letltxmacro\letltxmacro.sty
Package: letltxmacro 2019/12/03 v1.6 Let assignment for LaTeX macros (HO)
)
(D:\sannan\Miktex\tex/latex/auxhook\auxhook.sty
Package: auxhook 2019-12-17 v1.6 Hooks for auxiliary files (HO)
)
(D:\sannan\Miktex\tex/latex/hyperref\nameref.sty
Package: nameref 2022-05-17 v2.50 Cross-referencing by name of section

(D:\sannan\Miktex\tex/latex/refcount\refcount.sty
Package: refcount 2019/12/15 v3.6 Data extraction from label references (HO)
)
(D:\sannan\Miktex\tex/generic/gettitlestring\gettitlestring.sty
Package: gettitlestring 2019/12/15 v1.6 Cleanup title references (HO)

(D:\sannan\Miktex\tex/latex/kvoptions\kvoptions.sty
Package: kvoptions 2022-06-15 v3.15 Key value format for package options (HO)
))
\c@section@level=\count193
)
\@linkdim=\dimen141
\Hy@linkcounter=\count194
\Hy@pagecounter=\count195

(D:\sannan\Miktex\tex/latex/hyperref\pd1enc.def
File: pd1enc.def 2022-06-20 v7.00s Hyperref: PDFDocEncoding definition (HO)
Now handling font encoding PD1 ...
... no UTF-8 mapping file for font encoding PD1
)
(D:\sannan\Miktex\tex/generic/intcalc\intcalc.sty
Package: intcalc 2019/12/15 v1.3 Expandable calculations with integers (HO)
)
(D:\sannan\Miktex\tex/generic/etexcmds\etexcmds.sty
Package: etexcmds 2019/12/15 v1.7 Avoid name clashes with e-TeX commands (HO)
)
\Hy@SavedSpaceFactor=\count196

(D:\sannan\Miktex\tex/latex/hyperref\puenc.def
File: puenc.def 2022-06-20 v7.00s Hyperref: PDF Unicode definition (HO)
Now handling font encoding PU ...
... no UTF-8 mapping file for font encoding PU
)
Package hyperref Info: Hyper figures OFF on input line 4162.
Package hyperref Info: Link nesting OFF on input line 4167.
Package hyperref Info: Hyper index ON on input line 4170.
Package hyperref Info: Plain pages OFF on input line 4177.
Package hyperref Info: Backreferencing OFF on input line 4182.
Package hyperref Info: Implicit mode ON; LaTeX internals redefined.
Package hyperref Info: Bookmarks ON on input line 4408.
\c@Hy@tempcnt=\count197

(D:\sannan\Miktex\tex/latex/url\url.sty
\Urlmuskip=\muskip16
Package: url 2013/09/16  ver 3.4  Verb mode for urls, etc.
)
LaTeX Info: Redefining \url on input line 4746.
\XeTeXLinkMargin=\dimen142

(D:\sannan\Miktex\tex/generic/bitset\bitset.sty
Package: bitset 2019/12/09 v1.3 Handle bit-vector datatype (HO)

(D:\sannan\Miktex\tex/generic/bigintcalc\bigintcalc.sty
Package: bigintcalc 2019/12/15 v1.5 Expandable calculations on big integers (HO
)
))
\Fld@menulength=\count198
\Field@Width=\dimen143
\Fld@charsize=\dimen144
Package hyperref Info: Hyper figures OFF on input line 6024.
Package hyperref Info: Link nesting OFF on input line 6029.
Package hyperref Info: Hyper index ON on input line 6032.
Package hyperref Info: backreferencing OFF on input line 6039.
Package hyperref Info: Link coloring OFF on input line 6044.
Package hyperref Info: Link coloring with OCG OFF on input line 6049.
Package hyperref Info: PDF/A mode OFF on input line 6054.

(D:\sannan\Miktex\tex/latex/base\atbegshi-ltx.sty
Package: atbegshi-ltx 2021/01/10 v1.0c Emulation of the original atbegshi
package with kernel methods
)
\Hy@abspage=\count199
\c@Item=\count266
\c@Hfootnote=\count267
)
Package hyperref Info: Driver (autodetected): hpdftex.

(D:\sannan\Miktex\tex/latex/hyperref\hpdftex.def
File: hpdftex.def 2022-06-20 v7.00s Hyperref driver for pdfTeX

(D:\sannan\Miktex\tex/latex/base\atveryend-ltx.sty
Package: atveryend-ltx 2020/08/19 v1.0a Emulation of the original atveryend pac
kage
with kernel methods
)
\Fld@listcount=\count268
\c@bookmark@seq@number=\count269

(D:\sannan\Miktex\tex/latex/rerunfilecheck\rerunfilecheck.sty
Package: rerunfilecheck 2022-07-10 v1.10 Rerun checks for auxiliary files (HO)

(D:\sannan\Miktex\tex/generic/uniquecounter\uniquecounter.sty
Package: uniquecounter 2019/12/15 v1.4 Provide unlimited unique counter (HO)
)
Package uniquecounter Info: New unique counter `rerunfilecheck' on input line 2
85.
)
\Hy@SectionHShift=\skip49
)
(D:\sannan\Miktex\tex/latex/l3backend\l3backend-pdftex.def
File: l3backend-pdftex.def 2022-07-01 L3 backend support: PDF output (pdfTeX)
\l__color_backend_stack_int=\count270
\l__pdf_internal_box=\box51
)

LaTeX Warning: Unused global option(s):
    [A4].

(sample.aux)
\openout1 = `sample.aux'.

LaTeX Font Info:    Checking defaults for OML/cmm/m/it on input line 22.
LaTeX Font Info:    ... okay on input line 22.
LaTeX Font Info:    Checking defaults for OMS/cmsy/m/n on input line 22.
LaTeX Font Info:    ... okay on input line 22.
LaTeX Font Info:    Checking defaults for OT1/cmr/m/n on input line 22.
LaTeX Font Info:    ... okay on input line 22.
LaTeX Font Info:    Checking defaults for T1/cmr/m/n on input line 22.
LaTeX Font Info:    ... okay on input line 22.
LaTeX Font Info:    Checking defaults for TS1/cmr/m/n on input line 22.
LaTeX Font Info:    ... okay on input line 22.
LaTeX Font Info:    Checking defaults for OMX/cmex/m/n on input line 22.
LaTeX Font Info:    ... okay on input line 22.
LaTeX Font Info:    Checking defaults for U/cmr/m/n on input line 22.
LaTeX Font Info:    ... okay on input line 22.
LaTeX Font Info:    Checking defaults for PD1/pdf/m/n on input line 22.
LaTeX Font Info:    ... okay on input line 22.
LaTeX Font Info:    Checking defaults for PU/pdf/m/n on input line 22.
LaTeX Font Info:    ... okay on input line 22.
 (D:\sannan\Miktex\tex/context/base/mkii\supp-pdf.mkii
[Loading MPS to PDF converter (version 2006.09.02).]
\scratchcounter=\count271
\scratchdimen=\dimen145
\scratchbox=\box52
\nofMPsegments=\count272
\nofMParguments=\count273
\everyMPshowfont=\toks17
\MPscratchCnt=\count274
\MPscratchDim=\dimen146
\MPnumerator=\count275
\makeMPintoPDFobject=\count276
\everyMPtoPDFconversion=\toks18
) (D:\sannan\Miktex\tex/latex/epstopdf-pkg\epstopdf-base.sty
Package: epstopdf-base 2020-01-24 v2.11 Base part for package epstopdf
Package epstopdf-base Info: Redefining graphics rule for `.eps' on input line 4
85.

(D:\sannan\Miktex\tex/latex/00miktex\epstopdf-sys.cfg
File: epstopdf-sys.cfg 2021/03/18 v2.0 Configuration of epstopdf for MiKTeX
))
Package hyperref Info: Link coloring OFF on input line 22.
 (sample.out)
(sample.out)
\@outlinefile=\write3
\openout3 = `sample.out'.

LaTeX Font Info:    External font `cmex10' loaded for size
(Font)              <14.4> on input line 29.
LaTeX Font Info:    External font `cmex10' loaded for size
(Font)              <7> on input line 29.
 [1

{C:/Users/WIN/AppData/Local/MiKTeX/fonts/map/pdftex/pdftex.map}]
Underfull \hbox (badness 10000) in paragraph at lines 38--39

 []

<images//sdCard.png, id=54, 782.925pt x 456.95718pt>
File: images//sdCard.png Graphic file (type png)
<use images//sdCard.png>
Package pdftex.def Info: images//sdCard.png  used on input line 43.
(pdftex.def)             Requested size: 426.79134pt x 249.10297pt.

Overfull \hbox (36.79134pt too wide) in paragraph at lines 43--44
 [][] 
 []


pdfTeX warning (ext4): destination with the same identifier (name{page.1}) has 
been already used, duplicate ignored
<to be read again> 
                   \relax 
l.51 \newpage
              [1 <./images//sdCard.png>]
<images//imageInsert.png, id=63, 971.88094pt x 742.27313pt>
File: images//imageInsert.png Graphic file (type png)
<use images//imageInsert.png>
Package pdftex.def Info: images//imageInsert.png  used on input line 62.
(pdftex.def)             Requested size: 426.79134pt x 325.9556pt.

Overfull \hbox (36.79134pt too wide) in paragraph at lines 62--63
 [][] 
 []

[2 <./images//imageInsert.png>]
<images//imageAnimation.png, id=70, 1441.63594pt x 780.66656pt>
File: images//imageAnimation.png Graphic file (type png)
<use images//imageAnimation.png>
Package pdftex.def Info: images//imageAnimation.png  used on input line 74.
(pdftex.def)             Requested size: 426.79134pt x 231.10466pt.

Overfull \hbox (36.79134pt too wide) in paragraph at lines 74--75
 [][] 
 []

[3 <./images//imageAnimation.png>]
<images//basicTouch.png, id=80, 1434.86063pt x 764.8575pt>
File: images//basicTouch.png Graphic file (type png)
<use images//basicTouch.png>
Package pdftex.def Info: images//basicTouch.png  used on input line 93.
(pdftex.def)             Requested size: 426.79134pt x 227.49832pt.

Overfull \hbox (36.79134pt too wide) in paragraph at lines 93--94
 [][] 
 []

[4 <./images//basicTouch.png>]
<images//dataDisplay.png, id=87, 1437.87187pt x 769.37437pt>
File: images//dataDisplay.png Graphic file (type png)
<use images//dataDisplay.png>
Package pdftex.def Info: images//dataDisplay.png  used on input line 106.
(pdftex.def)             Requested size: 312.9803pt x 167.4667pt.
<images//returnKeyCode.png, id=88, 1436.36626pt x 761.84625pt>
File: images//returnKeyCode.png Graphic file (type png)
<use images//returnKeyCode.png>
Package pdftex.def Info: images//returnKeyCode.png  used on input line 112.
(pdftex.def)             Requested size: 312.9803pt x 166.00246pt.
 [5 <./images//dataDisplay.png> <./images//returnKeyCode.png>]
Overfull \hbox (20.21582pt too wide) in paragraph at lines 118--118
[]\OT1/cmr/bx/n/17.28 How to change sys-tem con-fig-u-ra-tion in DGUS 
 []

<images//systemConfig.png, id=97, 576.65437pt x 363.60844pt>
File: images//systemConfig.png Graphic file (type png)
<use images//systemConfig.png>
Package pdftex.def Info: images//systemConfig.png  used on input line 122.
(pdftex.def)             Requested size: 341.43306pt x 215.29831pt.
<images//configFile.png, id=98, 393.72093pt x 195.73125pt>
File: images//configFile.png Graphic file (type png)
<use images//configFile.png>
Package pdftex.def Info: images//configFile.png  used on input line 128.
(pdftex.def)             Requested size: 284.52756pt x 141.44604pt.
[6 <./images//systemConfig.png> <./images//configFile.png>]
Underfull \hbox (badness 10000) in paragraph at lines 144--145

 []

<images//statusSync.png, id=108, 1440.88312pt x 780.66656pt>
File: images//statusSync.png Graphic file (type png)
<use images//statusSync.png>
Package pdftex.def Info: images//statusSync.png  used on input line 150.
(pdftex.def)             Requested size: 426.79134pt x 231.22377pt.

Overfull \hbox (36.79134pt too wide) in paragraph at lines 150--151
 [][] 
 []


Underfull \hbox (badness 10000) in paragraph at lines 154--155

 []

[7 <./images//statusSync.png>]
Underfull \hbox (badness 10000) in paragraph at lines 156--166

 []


Underfull \hbox (badness 10000) in paragraph at lines 156--166

 []


Underfull \hbox (badness 10000) in paragraph at lines 156--166

 []

<images//config.png, id=116, 1437.87187pt x 781.41937pt>
File: images//config.png Graphic file (type png)
<use images//config.png>
Package pdftex.def Info: images//config.png  used on input line 169.
(pdftex.def)             Requested size: 426.79134pt x 231.93561pt.

Overfull \hbox (36.79134pt too wide) in paragraph at lines 169--170
 [][] 
 []

[8 <./images//config.png>]
Underfull \hbox (badness 10000) in paragraph at lines 175--176

 []


Underfull \hbox (badness 10000) in paragraph at lines 177--178

 []

LaTeX Font Info:    External font `cmex10' loaded for size
(Font)              <12> on input line 184.
LaTeX Font Info:    External font `cmex10' loaded for size
(Font)              <8> on input line 184.
LaTeX Font Info:    External font `cmex10' loaded for size
(Font)              <6> on input line 184.
<images//termite.png, id=123, 374.14781pt x 213.04594pt>
File: images//termite.png Graphic file (type png)
<use images//termite.png>
Package pdftex.def Info: images//termite.png  used on input line 185.
(pdftex.def)             Requested size: 256.08417pt x 199.18068pt.
<images//termiteWindow.png, id=124, 572.1375pt x 379.4175pt>
File: images//termiteWindow.png Graphic file (type png)
<use images//termiteWindow.png>
Package pdftex.def Info: images//termiteWindow.png  used on input line 185.
(pdftex.def)             Requested size: 170.71718pt x 199.17401pt.

Overfull \hbox (60.80138pt too wide) in paragraph at lines 184--187
 [] 
 []

<images//sendCommand.png, id=125, 462.528pt x 346.896pt>
File: images//sendCommand.png Graphic file (type png)
<use images//sendCommand.png>
Package pdftex.def Info: images//sendCommand.png  used on input line 190.
(pdftex.def)             Requested size: 199.16928pt x 149.37938pt.
[9 <./images//termite.png> <./images//termiteWindow.png> <./images//sendCommand
.png>]
<images//textInput.png, id=133, 1443.14156pt x 781.41937pt>
File: images//textInput.png Graphic file (type png)
<use images//textInput.png>
Package pdftex.def Info: images//textInput.png  used on input line 214.
(pdftex.def)             Requested size: 312.9803pt x 169.46848pt.
 [10 <./images//textInput.png>]
<images//fontType.png, id=140, 725.71124pt x 374.90062pt>
File: images//fontType.png Graphic file (type png)
<use images//fontType.png>
Package pdftex.def Info: images//fontType.png  used on input line 228.
(pdftex.def)             Requested size: 341.43306pt x 176.38637pt.
<images//fontGenerator.png, id=141, 1443.89438pt x 763.35187pt>
File: images//fontGenerator.png Graphic file (type png)
<use images//fontGenerator.png>
Package pdftex.def Info: images//fontGenerator.png  used on input line 233.
(pdftex.def)             Requested size: 341.43306pt x 180.5059pt.
 [11 <./images//fontType.png> <./images//fontGenerator.png>]
Underfull \hbox (badness 10000) in paragraph at lines 240--241

 []


Underfull \hbox (badness 10000) in paragraph at lines 242--243

 []

<pageChange.png, id=150, 999.735pt x 511.9125pt>
File: pageChange.png Graphic file (type png)
<use pageChange.png>
Package pdftex.def Info: pageChange.png  used on input line 246.
(pdftex.def)             Requested size: 341.43306pt x 174.82906pt.
[12 <./pageChange.png>] (sample.aux)

Package rerunfilecheck Warning: File `sample.out' has changed.
(rerunfilecheck)                Rerun to get outlines right
(rerunfilecheck)                or use package `bookmark'.

Package rerunfilecheck Info: Checksums for `sample.out':
(rerunfilecheck)             Before: A76CF684B5939ECBDC27E57BFB85E024;2461
(rerunfilecheck)             After:  3006E9405A3C14FF3B398D1B2B188B70;2358.
 ) 
Here is how much of TeX's memory you used:
 8351 strings out of 478338
 132359 string characters out of 2849839
 426964 words of memory out of 3000000
 26668 multiletter control sequences out of 15000+600000
 475103 words of font info for 47 fonts, out of 8000000 for 9000
 1141 hyphenation exceptions out of 8191
 72i,10n,77p,391b,447s stack positions out of 10000i,1000n,20000p,200000b,80000s

pdfTeX warning (dest): name{section.11} has been referenced but does not exist,
 replaced by a fixed one

 <C:\Users\WIN\AppData\Local\MiKTeX\fonts/pk/ljfour/jknappen/ec/dpi600\tcrm1200
.pk><D:/sannan/Miktex/fonts/type1/public/amsfonts/cm/cmbx12.pfb><D:/sannan/Mikt
ex/fonts/type1/public/amsfonts/cm/cmr12.pfb><D:/sannan/Miktex/fonts/type1/publi
c/amsfonts/cm/cmr17.pfb><D:/sannan/Miktex/fonts/type1/public/amsfonts/cm/cmti12
.pfb>
Output written on sample.pdf (13 pages, 1449516 bytes).
PDF statistics:
 191 PDF objects out of 1000 (max. 8388607)
 39 named destinations out of 1000 (max. 500000)
 174 words of extra memory for PDF output out of 10000 (max. 10000000)

